0 info it worked if it ends with ok
1 verbose cli [ 'node', '/usr/local/bin/npm', 'install' ]
2 info using npm@2.11.3
3 info using node@v0.12.7
4 verbose readDependencies loading dependencies from /Users/oliviermoindrot/workspace/CoupTif/CoupTif-FrontEnd/couptif/package.json
5 warn package.json couptif@1.1.1 No repository field.
6 warn package.json couptif@1.1.1 No README data
7 warn package.json couptif@1.1.1 No license field.
8 verbose install where, deps [ '/Users/oliviermoindrot/workspace/CoupTif/CoupTif-FrontEnd/couptif',
8 verbose install   [ 'gulp',
8 verbose install     'gulp-sass',
8 verbose install     'gulp-concat',
8 verbose install     'gulp-minify-css',
8 verbose install     'gulp-rename',
8 verbose install     'bower',
8 verbose install     'gulp-util',
8 verbose install     'shelljs' ] ]
9 verbose install where, peers [ '/Users/oliviermoindrot/workspace/CoupTif/CoupTif-FrontEnd/couptif',
9 verbose install   [] ]
10 verbose installManyTop reading for lifecycle /Users/oliviermoindrot/workspace/CoupTif/CoupTif-FrontEnd/couptif/package.json
11 info preinstall couptif@1.1.1
12 verbose readDependencies loading dependencies from /Users/oliviermoindrot/workspace/CoupTif/CoupTif-FrontEnd/couptif/package.json
13 silly cache add args [ 'gulp-sass@^2.0.4', null ]
14 verbose cache add spec gulp-sass@^2.0.4
15 silly cache add parsed spec { raw: 'gulp-sass@^2.0.4',
15 silly cache add   scope: null,
15 silly cache add   name: 'gulp-sass',
15 silly cache add   rawSpec: '^2.0.4',
15 silly cache add   spec: '>=2.0.4 <3.0.0',
15 silly cache add   type: 'range' }
16 silly addNamed gulp-sass@>=2.0.4 <3.0.0
17 verbose addNamed ">=2.0.4 <3.0.0" is a valid semver range for gulp-sass
18 silly addNameRange { name: 'gulp-sass', range: '>=2.0.4 <3.0.0', hasData: false }
19 silly mapToRegistry name gulp-sass
20 silly mapToRegistry using default registry
21 silly mapToRegistry registry https://registry.npmjs.org/
22 silly mapToRegistry uri https://registry.npmjs.org/gulp-sass
23 verbose addNameRange registry:https://registry.npmjs.org/gulp-sass not in flight; fetching
24 silly cache add args [ 'gulp-concat@^2.2.0', null ]
25 verbose cache add spec gulp-concat@^2.2.0
26 silly cache add parsed spec { raw: 'gulp-concat@^2.2.0',
26 silly cache add   scope: null,
26 silly cache add   name: 'gulp-concat',
26 silly cache add   rawSpec: '^2.2.0',
26 silly cache add   spec: '>=2.2.0 <3.0.0',
26 silly cache add   type: 'range' }
27 silly addNamed gulp-concat@>=2.2.0 <3.0.0
28 verbose addNamed ">=2.2.0 <3.0.0" is a valid semver range for gulp-concat
29 silly addNameRange { name: 'gulp-concat', range: '>=2.2.0 <3.0.0', hasData: false }
30 silly mapToRegistry name gulp-concat
31 silly mapToRegistry using default registry
32 silly mapToRegistry registry https://registry.npmjs.org/
33 silly mapToRegistry uri https://registry.npmjs.org/gulp-concat
34 verbose addNameRange registry:https://registry.npmjs.org/gulp-concat not in flight; fetching
35 silly cache add args [ 'gulp-minify-css@^0.3.0', null ]
36 verbose cache add spec gulp-minify-css@^0.3.0
37 silly cache add parsed spec { raw: 'gulp-minify-css@^0.3.0',
37 silly cache add   scope: null,
37 silly cache add   name: 'gulp-minify-css',
37 silly cache add   rawSpec: '^0.3.0',
37 silly cache add   spec: '>=0.3.0 <0.4.0',
37 silly cache add   type: 'range' }
38 silly addNamed gulp-minify-css@>=0.3.0 <0.4.0
39 verbose addNamed ">=0.3.0 <0.4.0" is a valid semver range for gulp-minify-css
40 silly addNameRange { name: 'gulp-minify-css',
40 silly addNameRange   range: '>=0.3.0 <0.4.0',
40 silly addNameRange   hasData: false }
41 silly mapToRegistry name gulp-minify-css
42 silly mapToRegistry using default registry
43 silly mapToRegistry registry https://registry.npmjs.org/
44 silly mapToRegistry uri https://registry.npmjs.org/gulp-minify-css
45 verbose addNameRange registry:https://registry.npmjs.org/gulp-minify-css not in flight; fetching
46 silly cache add args [ 'gulp-rename@^1.2.0', null ]
47 verbose cache add spec gulp-rename@^1.2.0
48 silly cache add parsed spec { raw: 'gulp-rename@^1.2.0',
48 silly cache add   scope: null,
48 silly cache add   name: 'gulp-rename',
48 silly cache add   rawSpec: '^1.2.0',
48 silly cache add   spec: '>=1.2.0 <2.0.0',
48 silly cache add   type: 'range' }
49 silly addNamed gulp-rename@>=1.2.0 <2.0.0
50 verbose addNamed ">=1.2.0 <2.0.0" is a valid semver range for gulp-rename
51 silly addNameRange { name: 'gulp-rename', range: '>=1.2.0 <2.0.0', hasData: false }
52 silly mapToRegistry name gulp-rename
53 silly mapToRegistry using default registry
54 silly mapToRegistry registry https://registry.npmjs.org/
55 silly mapToRegistry uri https://registry.npmjs.org/gulp-rename
56 verbose addNameRange registry:https://registry.npmjs.org/gulp-rename not in flight; fetching
57 silly cache add args [ 'bower@^1.3.3', null ]
58 verbose cache add spec bower@^1.3.3
59 silly cache add parsed spec { raw: 'bower@^1.3.3',
59 silly cache add   scope: null,
59 silly cache add   name: 'bower',
59 silly cache add   rawSpec: '^1.3.3',
59 silly cache add   spec: '>=1.3.3 <2.0.0',
59 silly cache add   type: 'range' }
60 silly addNamed bower@>=1.3.3 <2.0.0
61 verbose addNamed ">=1.3.3 <2.0.0" is a valid semver range for bower
62 silly addNameRange { name: 'bower', range: '>=1.3.3 <2.0.0', hasData: false }
63 silly mapToRegistry name bower
64 silly mapToRegistry using default registry
65 silly mapToRegistry registry https://registry.npmjs.org/
66 silly mapToRegistry uri https://registry.npmjs.org/bower
67 verbose addNameRange registry:https://registry.npmjs.org/bower not in flight; fetching
68 silly cache add args [ 'gulp-util@^2.2.14', null ]
69 verbose cache add spec gulp-util@^2.2.14
70 silly cache add parsed spec { raw: 'gulp-util@^2.2.14',
70 silly cache add   scope: null,
70 silly cache add   name: 'gulp-util',
70 silly cache add   rawSpec: '^2.2.14',
70 silly cache add   spec: '>=2.2.14 <3.0.0',
70 silly cache add   type: 'range' }
71 silly addNamed gulp-util@>=2.2.14 <3.0.0
72 verbose addNamed ">=2.2.14 <3.0.0" is a valid semver range for gulp-util
73 silly addNameRange { name: 'gulp-util', range: '>=2.2.14 <3.0.0', hasData: false }
74 silly mapToRegistry name gulp-util
75 silly mapToRegistry using default registry
76 silly mapToRegistry registry https://registry.npmjs.org/
77 silly mapToRegistry uri https://registry.npmjs.org/gulp-util
78 verbose addNameRange registry:https://registry.npmjs.org/gulp-util not in flight; fetching
79 silly cache add args [ 'shelljs@^0.3.0', null ]
80 verbose cache add spec shelljs@^0.3.0
81 silly cache add parsed spec { raw: 'shelljs@^0.3.0',
81 silly cache add   scope: null,
81 silly cache add   name: 'shelljs',
81 silly cache add   rawSpec: '^0.3.0',
81 silly cache add   spec: '>=0.3.0 <0.4.0',
81 silly cache add   type: 'range' }
82 silly addNamed shelljs@>=0.3.0 <0.4.0
83 verbose addNamed ">=0.3.0 <0.4.0" is a valid semver range for shelljs
84 silly addNameRange { name: 'shelljs', range: '>=0.3.0 <0.4.0', hasData: false }
85 silly mapToRegistry name shelljs
86 silly mapToRegistry using default registry
87 silly mapToRegistry registry https://registry.npmjs.org/
88 silly mapToRegistry uri https://registry.npmjs.org/shelljs
89 verbose addNameRange registry:https://registry.npmjs.org/shelljs not in flight; fetching
90 silly cache add args [ 'gulp@^3.5.6', null ]
91 verbose cache add spec gulp@^3.5.6
92 silly cache add parsed spec { raw: 'gulp@^3.5.6',
92 silly cache add   scope: null,
92 silly cache add   name: 'gulp',
92 silly cache add   rawSpec: '^3.5.6',
92 silly cache add   spec: '>=3.5.6 <4.0.0',
92 silly cache add   type: 'range' }
93 silly addNamed gulp@>=3.5.6 <4.0.0
94 verbose addNamed ">=3.5.6 <4.0.0" is a valid semver range for gulp
95 silly addNameRange { name: 'gulp', range: '>=3.5.6 <4.0.0', hasData: false }
96 silly mapToRegistry name gulp
97 silly mapToRegistry using default registry
98 silly mapToRegistry registry https://registry.npmjs.org/
99 silly mapToRegistry uri https://registry.npmjs.org/gulp
100 verbose addNameRange registry:https://registry.npmjs.org/gulp not in flight; fetching
101 verbose request uri https://registry.npmjs.org/gulp-sass
102 verbose request no auth needed
103 info attempt registry request try #1 at 12:47:53 AM
104 verbose request id b9368af7d8fadcb7
105 http request GET https://registry.npmjs.org/gulp-sass
106 verbose request uri https://registry.npmjs.org/gulp-concat
107 verbose request no auth needed
108 info attempt registry request try #1 at 12:47:53 AM
109 http request GET https://registry.npmjs.org/gulp-concat
110 verbose request uri https://registry.npmjs.org/gulp-minify-css
111 verbose request no auth needed
112 info attempt registry request try #1 at 12:47:53 AM
113 http request GET https://registry.npmjs.org/gulp-minify-css
114 verbose request uri https://registry.npmjs.org/gulp
115 verbose request no auth needed
116 info attempt registry request try #1 at 12:47:53 AM
117 http request GET https://registry.npmjs.org/gulp
118 verbose request uri https://registry.npmjs.org/gulp-rename
119 verbose request no auth needed
120 info attempt registry request try #1 at 12:47:53 AM
121 verbose etag "4WGC956V6CQ1DWM8DLSK7TUXF"
122 http request GET https://registry.npmjs.org/gulp-rename
123 verbose request uri https://registry.npmjs.org/gulp-util
124 verbose request no auth needed
125 info attempt registry request try #1 at 12:47:53 AM
126 verbose etag "EQN1IF3H17TZH0C19INU5ZUCU"
127 http request GET https://registry.npmjs.org/gulp-util
128 verbose request uri https://registry.npmjs.org/bower
129 verbose request no auth needed
130 info attempt registry request try #1 at 12:47:53 AM
131 verbose etag "54H3E0NKVW1HOCTAHXFP2XV4J"
132 http request GET https://registry.npmjs.org/bower
133 verbose request uri https://registry.npmjs.org/shelljs
134 verbose request no auth needed
135 info attempt registry request try #1 at 12:47:53 AM
136 verbose etag "5DDZ2O4A8J1973WU0VQ98AHTU"
137 http request GET https://registry.npmjs.org/shelljs
138 info retry will retry, error on last attempt: Error: tunneling socket could not be established, cause=write EPROTO 140735256686592:error:140770FC:SSL routines:SSL23_GET_SERVER_HELLO:unknown protocol:../deps/openssl/openssl/ssl/s23_clnt.c:782:
139 info retry will retry, error on last attempt: Error: tunneling socket could not be established, cause=write EPROTO 140735256686592:error:140770FC:SSL routines:SSL23_GET_SERVER_HELLO:unknown protocol:../deps/openssl/openssl/ssl/s23_clnt.c:782:
140 info retry will retry, error on last attempt: Error: tunneling socket could not be established, cause=write EPROTO 140735256686592:error:140770FC:SSL routines:SSL23_GET_SERVER_HELLO:unknown protocol:../deps/openssl/openssl/ssl/s23_clnt.c:782:
141 info retry will retry, error on last attempt: Error: tunneling socket could not be established, cause=write EPROTO 140735256686592:error:140770FC:SSL routines:SSL23_GET_SERVER_HELLO:unknown protocol:../deps/openssl/openssl/ssl/s23_clnt.c:782:
142 info retry will retry, error on last attempt: Error: tunneling socket could not be established, cause=write EPROTO 140735256686592:error:140770FC:SSL routines:SSL23_GET_SERVER_HELLO:unknown protocol:../deps/openssl/openssl/ssl/s23_clnt.c:782:
143 info retry will retry, error on last attempt: Error: tunneling socket could not be established, cause=write EPROTO 140735256686592:error:140770FC:SSL routines:SSL23_GET_SERVER_HELLO:unknown protocol:../deps/openssl/openssl/ssl/s23_clnt.c:782:
144 info retry will retry, error on last attempt: Error: tunneling socket could not be established, cause=write EPROTO 140735256686592:error:140770FC:SSL routines:SSL23_GET_SERVER_HELLO:unknown protocol:../deps/openssl/openssl/ssl/s23_clnt.c:782:
145 info retry will retry, error on last attempt: Error: tunneling socket could not be established, cause=write EPROTO 140735256686592:error:140770FC:SSL routines:SSL23_GET_SERVER_HELLO:unknown protocol:../deps/openssl/openssl/ssl/s23_clnt.c:782:
146 info attempt registry request try #2 at 12:48:03 AM
147 http request GET https://registry.npmjs.org/gulp-sass
148 info attempt registry request try #2 at 12:48:03 AM
149 http request GET https://registry.npmjs.org/gulp-concat
150 info attempt registry request try #2 at 12:48:03 AM
151 http request GET https://registry.npmjs.org/gulp-minify-css
152 info attempt registry request try #2 at 12:48:03 AM
153 http request GET https://registry.npmjs.org/gulp
154 info attempt registry request try #2 at 12:48:03 AM
155 verbose etag "4WGC956V6CQ1DWM8DLSK7TUXF"
156 http request GET https://registry.npmjs.org/gulp-rename
157 info attempt registry request try #2 at 12:48:03 AM
158 verbose etag "EQN1IF3H17TZH0C19INU5ZUCU"
159 http request GET https://registry.npmjs.org/gulp-util
160 info attempt registry request try #2 at 12:48:03 AM
161 verbose etag "54H3E0NKVW1HOCTAHXFP2XV4J"
162 http request GET https://registry.npmjs.org/bower
163 info attempt registry request try #2 at 12:48:03 AM
164 verbose etag "5DDZ2O4A8J1973WU0VQ98AHTU"
165 http request GET https://registry.npmjs.org/shelljs
166 info retry will retry, error on last attempt: Error: tunneling socket could not be established, cause=write EPROTO 140735256686592:error:140770FC:SSL routines:SSL23_GET_SERVER_HELLO:unknown protocol:../deps/openssl/openssl/ssl/s23_clnt.c:782:
167 info retry will retry, error on last attempt: Error: tunneling socket could not be established, cause=write EPROTO 140735256686592:error:140770FC:SSL routines:SSL23_GET_SERVER_HELLO:unknown protocol:../deps/openssl/openssl/ssl/s23_clnt.c:782:
168 info retry will retry, error on last attempt: Error: tunneling socket could not be established, cause=write EPROTO 140735256686592:error:140770FC:SSL routines:SSL23_GET_SERVER_HELLO:unknown protocol:../deps/openssl/openssl/ssl/s23_clnt.c:782:
169 info retry will retry, error on last attempt: Error: tunneling socket could not be established, cause=write EPROTO 140735256686592:error:140770FC:SSL routines:SSL23_GET_SERVER_HELLO:unknown protocol:../deps/openssl/openssl/ssl/s23_clnt.c:782:
170 info retry will retry, error on last attempt: Error: tunneling socket could not be established, cause=write EPROTO 140735256686592:error:140770FC:SSL routines:SSL23_GET_SERVER_HELLO:unknown protocol:../deps/openssl/openssl/ssl/s23_clnt.c:782:
171 info retry will retry, error on last attempt: Error: tunneling socket could not be established, cause=write EPROTO 140735256686592:error:140770FC:SSL routines:SSL23_GET_SERVER_HELLO:unknown protocol:../deps/openssl/openssl/ssl/s23_clnt.c:782:
172 info retry will retry, error on last attempt: Error: tunneling socket could not be established, cause=write EPROTO 140735256686592:error:140770FC:SSL routines:SSL23_GET_SERVER_HELLO:unknown protocol:../deps/openssl/openssl/ssl/s23_clnt.c:782:
173 info retry will retry, error on last attempt: Error: tunneling socket could not be established, cause=write EPROTO 140735256686592:error:140770FC:SSL routines:SSL23_GET_SERVER_HELLO:unknown protocol:../deps/openssl/openssl/ssl/s23_clnt.c:782:
174 info attempt registry request try #3 at 12:49:03 AM
175 http request GET https://registry.npmjs.org/gulp-sass
176 info attempt registry request try #3 at 12:49:03 AM
177 http request GET https://registry.npmjs.org/gulp-concat
178 info attempt registry request try #3 at 12:49:03 AM
179 http request GET https://registry.npmjs.org/gulp-minify-css
180 info attempt registry request try #3 at 12:49:03 AM
181 http request GET https://registry.npmjs.org/gulp
182 info attempt registry request try #3 at 12:49:03 AM
183 verbose etag "4WGC956V6CQ1DWM8DLSK7TUXF"
184 http request GET https://registry.npmjs.org/gulp-rename
185 info attempt registry request try #3 at 12:49:03 AM
186 verbose etag "EQN1IF3H17TZH0C19INU5ZUCU"
187 http request GET https://registry.npmjs.org/gulp-util
188 info attempt registry request try #3 at 12:49:03 AM
189 verbose etag "54H3E0NKVW1HOCTAHXFP2XV4J"
190 http request GET https://registry.npmjs.org/bower
191 info attempt registry request try #3 at 12:49:03 AM
192 verbose etag "5DDZ2O4A8J1973WU0VQ98AHTU"
193 http request GET https://registry.npmjs.org/shelljs
194 silly get cb [ 304, undefined ]
195 verbose etag https://registry.npmjs.org/gulp-rename from cache
196 verbose get saving gulp-rename to /Users/oliviermoindrot/.npm/registry.npmjs.org/gulp-rename/.cache.json
197 silly get cb [ 304, undefined ]
198 verbose etag https://registry.npmjs.org/gulp-util from cache
199 verbose get saving gulp-util to /Users/oliviermoindrot/.npm/registry.npmjs.org/gulp-util/.cache.json
200 silly get cb [ 304, undefined ]
201 verbose etag https://registry.npmjs.org/shelljs from cache
202 verbose get saving shelljs to /Users/oliviermoindrot/.npm/registry.npmjs.org/shelljs/.cache.json
203 silly get cb [ 304, undefined ]
204 verbose etag https://registry.npmjs.org/bower from cache
205 verbose get saving bower to /Users/oliviermoindrot/.npm/registry.npmjs.org/bower/.cache.json
206 silly addNameRange number 2 { name: 'shelljs', range: '>=0.3.0 <0.4.0', hasData: true }
207 silly addNameRange versions [ 'shelljs',
207 silly addNameRange   [ '0.0.1',
207 silly addNameRange     '0.0.2',
207 silly addNameRange     '0.0.3',
207 silly addNameRange     '0.0.4',
207 silly addNameRange     '0.0.5',
207 silly addNameRange     '0.0.6',
207 silly addNameRange     '0.0.7',
207 silly addNameRange     '0.0.8',
207 silly addNameRange     '0.0.9',
207 silly addNameRange     '0.1.0',
207 silly addNameRange     '0.1.1',
207 silly addNameRange     '0.1.2',
207 silly addNameRange     '0.1.3',
207 silly addNameRange     '0.1.4',
207 silly addNameRange     '0.2.0',
207 silly addNameRange     '0.2.1',
207 silly addNameRange     '0.2.2',
207 silly addNameRange     '0.2.3',
207 silly addNameRange     '0.2.4',
207 silly addNameRange     '0.2.5',
207 silly addNameRange     '0.2.6',
207 silly addNameRange     '0.3.0',
207 silly addNameRange     '0.4.0',
207 silly addNameRange     '0.5.0',
207 silly addNameRange     '0.5.1',
207 silly addNameRange     '0.5.2',
207 silly addNameRange     '0.5.3',
207 silly addNameRange     '0.0.1-alpha1',
207 silly addNameRange     '0.0.2-pre1',
207 silly addNameRange     '0.0.4-pre1',
207 silly addNameRange     '0.0.5-pre1',
207 silly addNameRange     '0.0.5-pre2',
207 silly addNameRange     '0.0.5-pre3',
207 silly addNameRange     '0.0.5-pre4',
207 silly addNameRange     '0.0.6-pre1',
207 silly addNameRange     '0.0.6-pre2' ] ]
208 silly addNamed shelljs@0.3.0
209 verbose addNamed "0.3.0" is a plain semver version for shelljs
210 silly addNameRange number 2 { name: 'gulp-util', range: '>=2.2.14 <3.0.0', hasData: true }
211 silly addNameRange versions [ 'gulp-util',
211 silly addNameRange   [ '0.0.1',
211 silly addNameRange     '1.0.0',
211 silly addNameRange     '1.1.0',
211 silly addNameRange     '1.1.1',
211 silly addNameRange     '1.2.0',
211 silly addNameRange     '1.3.0',
211 silly addNameRange     '2.0.0',
211 silly addNameRange     '2.1.1',
211 silly addNameRange     '2.1.2',
211 silly addNameRange     '2.1.3',
211 silly addNameRange     '2.1.4',
211 silly addNameRange     '2.2.0',
211 silly addNameRange     '2.2.1',
211 silly addNameRange     '2.2.2',
211 silly addNameRange     '2.2.3',
211 silly addNameRange     '2.2.5',
211 silly addNameRange     '2.2.6',
211 silly addNameRange     '2.2.7',
211 silly addNameRange     '2.2.8',
211 silly addNameRange     '2.2.9',
211 silly addNameRange     '2.2.10',
211 silly addNameRange     '2.2.11',
211 silly addNameRange     '2.2.12',
211 silly addNameRange     '2.2.13',
211 silly addNameRange     '2.2.14',
211 silly addNameRange     '2.2.15',
211 silly addNameRange     '2.2.16',
211 silly addNameRange     '2.2.17',
211 silly addNameRange     '2.2.18',
211 silly addNameRange     '2.2.19',
211 silly addNameRange     '2.2.20',
211 silly addNameRange     '3.0.0',
211 silly addNameRange     '3.0.1',
211 silly addNameRange     '3.0.2',
211 silly addNameRange     '3.0.3',
211 silly addNameRange     '3.0.4',
211 silly addNameRange     '3.0.5',
211 silly addNameRange     '3.0.6' ] ]
212 silly addNamed gulp-util@2.2.20
213 verbose addNamed "2.2.20" is a plain semver version for gulp-util
214 silly addNameRange number 2 { name: 'gulp-rename', range: '>=1.2.0 <2.0.0', hasData: true }
215 silly addNameRange versions [ 'gulp-rename',
215 silly addNameRange   [ '0.1.0', '0.2.1', '0.2.2', '1.0.0', '1.1.0', '1.2.0', '1.2.2' ] ]
216 silly addNamed gulp-rename@1.2.2
217 verbose addNamed "1.2.2" is a plain semver version for gulp-rename
218 silly addNameRange number 2 { name: 'bower', range: '>=1.3.3 <2.0.0', hasData: true }
219 silly addNameRange versions [ 'bower',
219 silly addNameRange   [ '0.1.0',
219 silly addNameRange     '0.1.2',
219 silly addNameRange     '0.1.3',
219 silly addNameRange     '0.2.0',
219 silly addNameRange     '0.3.0',
219 silly addNameRange     '0.3.1',
219 silly addNameRange     '0.3.2',
219 silly addNameRange     '0.4.0',
219 silly addNameRange     '0.5.0',
219 silly addNameRange     '0.5.1',
219 silly addNameRange     '0.6.0',
219 silly addNameRange     '0.6.1',
219 silly addNameRange     '0.6.2',
219 silly addNameRange     '0.6.3',
219 silly addNameRange     '0.6.4',
219 silly addNameRange     '0.6.5',
219 silly addNameRange     '0.6.6',
219 silly addNameRange     '0.6.7',
219 silly addNameRange     '0.6.8',
219 silly addNameRange     '0.7.0',
219 silly addNameRange     '0.7.1',
219 silly addNameRange     '0.8.0',
219 silly addNameRange     '0.8.1',
219 silly addNameRange     '0.8.2',
219 silly addNameRange     '0.8.3',
219 silly addNameRange     '0.8.4',
219 silly addNameRange     '0.8.5',
219 silly addNameRange     '0.8.6',
219 silly addNameRange     '0.9.0',
219 silly addNameRange     '0.9.1',
219 silly addNameRange     '0.9.2',
219 silly addNameRange     '0.10.0',
219 silly addNameRange     '1.0.0',
219 silly addNameRange     '1.0.1',
219 silly addNameRange     '1.0.2',
219 silly addNameRange     '1.0.3',
219 silly addNameRange     '1.1.0',
219 silly addNameRange     '1.1.1',
219 silly addNameRange     '1.1.2',
219 silly addNameRange     '1.2.0',
219 silly addNameRange     '1.2.1',
219 silly addNameRange     '1.2.2',
219 silly addNameRange     '1.2.3',
219 silly addNameRange     '1.2.4',
219 silly addNameRange     '1.2.5',
219 silly addNameRange     '1.2.6',
219 silly addNameRange     '1.2.7',
219 silly addNameRange     '1.2.8',
219 silly addNameRange     '1.3.0',
219 silly addNameRange     '1.3.1',
219 silly addNameRange     '1.3.2',
219 silly addNameRange     '1.3.3',
219 silly addNameRange     '1.3.4',
219 silly addNameRange     '1.3.5',
219 silly addNameRange     '1.3.6',
219 silly addNameRange     '1.3.7',
219 silly addNameRange     '1.3.8',
219 silly addNameRange     '1.3.9',
219 silly addNameRange     '1.3.10',
219 silly addNameRange     '1.3.11',
219 silly addNameRange     '1.3.12',
219 silly addNameRange     '1.4.0',
219 silly addNameRange     '1.4.1' ] ]
220 silly addNamed bower@1.4.1
221 verbose addNamed "1.4.1" is a plain semver version for bower
222 silly mapToRegistry name gulp-util
223 silly mapToRegistry using default registry
224 silly mapToRegistry registry https://registry.npmjs.org/
225 silly mapToRegistry uri https://registry.npmjs.org/gulp-util
226 verbose addRemoteTarball https://registry.npmjs.org/gulp-util/-/gulp-util-2.2.20.tgz not in flight; adding
227 verbose addRemoteTarball [ 'https://registry.npmjs.org/gulp-util/-/gulp-util-2.2.20.tgz',
227 verbose addRemoteTarball   'd7146e5728910bd8f047a6b0b1e549bc22dbd64c' ]
228 silly cache afterAdd gulp-rename@1.2.2
229 verbose afterAdd /Users/oliviermoindrot/.npm/gulp-rename/1.2.2/package/package.json not in flight; writing
230 silly cache afterAdd shelljs@0.3.0
231 verbose afterAdd /Users/oliviermoindrot/.npm/shelljs/0.3.0/package/package.json not in flight; writing
232 silly cache afterAdd bower@1.4.1
233 verbose afterAdd /Users/oliviermoindrot/.npm/bower/1.4.1/package/package.json not in flight; writing
234 info retry fetch attempt 1 at 12:49:03 AM
235 info attempt registry request try #1 at 12:49:03 AM
236 http fetch GET https://registry.npmjs.org/gulp-util/-/gulp-util-2.2.20.tgz
237 verbose afterAdd /Users/oliviermoindrot/.npm/gulp-rename/1.2.2/package/package.json written
238 verbose afterAdd /Users/oliviermoindrot/.npm/bower/1.4.1/package/package.json written
239 verbose afterAdd /Users/oliviermoindrot/.npm/shelljs/0.3.0/package/package.json written
240 info retry will retry, error on last attempt: Error: tunneling socket could not be established, cause=write EPROTO 140735256686592:error:140770FC:SSL routines:SSL23_GET_SERVER_HELLO:unknown protocol:../deps/openssl/openssl/ssl/s23_clnt.c:782:
241 info attempt registry request try #2 at 12:49:13 AM
242 http fetch GET https://registry.npmjs.org/gulp-util/-/gulp-util-2.2.20.tgz
243 info retry will retry, error on last attempt: Error: tunneling socket could not be established, cause=write EPROTO 140735256686592:error:140770FC:SSL routines:SSL23_GET_SERVER_HELLO:unknown protocol:../deps/openssl/openssl/ssl/s23_clnt.c:782:
244 info attempt registry request try #3 at 12:50:13 AM
245 http fetch GET https://registry.npmjs.org/gulp-util/-/gulp-util-2.2.20.tgz
246 error fetch failed https://registry.npmjs.org/gulp-util/-/gulp-util-2.2.20.tgz
247 warn retry will retry, error on last attempt: Error: tunneling socket could not be established, cause=write EPROTO 140735256686592:error:140770FC:SSL routines:SSL23_GET_SERVER_HELLO:unknown protocol:../deps/openssl/openssl/ssl/s23_clnt.c:782:
248 info retry fetch attempt 2 at 12:50:23 AM
249 info attempt registry request try #1 at 12:50:23 AM
250 http fetch GET https://registry.npmjs.org/gulp-util/-/gulp-util-2.2.20.tgz
251 info retry will retry, error on last attempt: Error: tunneling socket could not be established, cause=write EPROTO 140735256686592:error:140770FC:SSL routines:SSL23_GET_SERVER_HELLO:unknown protocol:../deps/openssl/openssl/ssl/s23_clnt.c:782:
252 info attempt registry request try #2 at 12:50:33 AM
253 http fetch GET https://registry.npmjs.org/gulp-util/-/gulp-util-2.2.20.tgz
254 info retry will retry, error on last attempt: Error: tunneling socket could not be established, cause=write EPROTO 140735256686592:error:140770FC:SSL routines:SSL23_GET_SERVER_HELLO:unknown protocol:../deps/openssl/openssl/ssl/s23_clnt.c:782:
255 info attempt registry request try #3 at 12:51:33 AM
256 http fetch GET https://registry.npmjs.org/gulp-util/-/gulp-util-2.2.20.tgz
257 error fetch failed https://registry.npmjs.org/gulp-util/-/gulp-util-2.2.20.tgz
258 warn retry will retry, error on last attempt: Error: tunneling socket could not be established, cause=write EPROTO 140735256686592:error:140770FC:SSL routines:SSL23_GET_SERVER_HELLO:unknown protocol:../deps/openssl/openssl/ssl/s23_clnt.c:782:
259 info retry fetch attempt 3 at 12:52:33 AM
260 info attempt registry request try #1 at 12:52:33 AM
261 http fetch GET https://registry.npmjs.org/gulp-util/-/gulp-util-2.2.20.tgz
262 info retry will retry, error on last attempt: Error: tunneling socket could not be established, cause=write EPROTO 140735256686592:error:140770FC:SSL routines:SSL23_GET_SERVER_HELLO:unknown protocol:../deps/openssl/openssl/ssl/s23_clnt.c:782:
263 info attempt registry request try #2 at 12:52:43 AM
264 http fetch GET https://registry.npmjs.org/gulp-util/-/gulp-util-2.2.20.tgz
265 info retry will retry, error on last attempt: Error: tunneling socket could not be established, cause=write EPROTO 140735256686592:error:140770FC:SSL routines:SSL23_GET_SERVER_HELLO:unknown protocol:../deps/openssl/openssl/ssl/s23_clnt.c:782:
266 info attempt registry request try #3 at 12:53:43 AM
267 http fetch GET https://registry.npmjs.org/gulp-util/-/gulp-util-2.2.20.tgz
268 error fetch failed https://registry.npmjs.org/gulp-util/-/gulp-util-2.2.20.tgz
269 verbose stack Error: tunneling socket could not be established, cause=write EPROTO 140735256686592:error:140770FC:SSL routines:SSL23_GET_SERVER_HELLO:unknown protocol:../deps/openssl/openssl/ssl/s23_clnt.c:782:
269 verbose stack
269 verbose stack     at ClientRequest.onError (/usr/local/lib/node_modules/npm/node_modules/request/node_modules/tunnel-agent/index.js:168:17)
269 verbose stack     at ClientRequest.g (events.js:199:16)
269 verbose stack     at ClientRequest.emit (events.js:107:17)
269 verbose stack     at TLSSocket.socketErrorListener (_http_client.js:271:9)
269 verbose stack     at TLSSocket.emit (events.js:129:20)
269 verbose stack     at onwriteError (_stream_writable.js:317:10)
269 verbose stack     at onwrite (_stream_writable.js:335:5)
269 verbose stack     at WritableState.onwrite (_stream_writable.js:105:5)
269 verbose stack     at fireErrorCallbacks (net.js:456:13)
269 verbose stack     at TLSSocket.Socket._destroy (net.js:495:3)
270 verbose cwd /Users/oliviermoindrot/workspace/CoupTif/CoupTif-FrontEnd/couptif
271 error Darwin 15.0.0
272 error argv "node" "/usr/local/bin/npm" "install"
273 error node v0.12.7
274 error npm  v2.11.3
275 error code ECONNRESET
276 error network tunneling socket could not be established, cause=write EPROTO 140735256686592:error:140770FC:SSL routines:SSL23_GET_SERVER_HELLO:unknown protocol:../deps/openssl/openssl/ssl/s23_clnt.c:782:
276 error network
276 error network This is most likely not a problem with npm itself
276 error network and is related to network connectivity.
276 error network In most cases you are behind a proxy or have bad network settings.
276 error network
276 error network If you are behind a proxy, please make sure that the
276 error network 'proxy' config is set properly.  See: 'npm help config'
277 verbose exit [ 1, true ]
